Arguments: 
  C:\Program Files\nodejs\node.exe C:\Users\fsmai\AppData\Roaming\npm\node_modules\yarn\bin\yarn.js add --dev babel-core babel-loader babel-preset-es2015

PATH: 
  C:\Program Files\Git\mingw64\bin;C:\Program Files\Git\usr\bin;C:\Users\fsmai\bin;C:\Python27;C:\Python27\Scripts;C:\Program Files (x86)\Razer Chroma SDK\bin;C:\Program Files\Razer Chroma SDK\bin;C:\WINDOWS\system32;C:\WINDOWS;C:\WINDOWS\System32\Wbem;C:\WINDOWS\System32\WindowsPowerShell\v1.0;C:\Program Files (x86)\NVIDIA Corporation\PhysX\Common;C:\Program Files\Git\cmd;C:\Program Files\nodejs;C:\Users\fsmai\AppData\Local\Microsoft\WindowsApps;C:\Program Files\Microsoft VS Code\bin;C:\Users\fsmai\AppData\Roaming\npm;C:\ProgramData\chocolatey\bin;C:\Program Files\Java\jdk1.8.0_162\bin;C:\Program Files\Java\jdk1.8.0_162\bin;C:\Program Files\Calibre2;C:\Program Files (x86)\Skype\Phone;C:\Users\fsmai\AppData\Local\Microsoft\WindowsApps;C:\Program Files\Microsoft VS Code\bin;C:\Users\fsmai\AppData\Roaming\npm

Yarn version: 
  1.3.2

Node version: 
  9.6.0

Platform: 
  win32 x64

npm manifest: 
  {
    "name": "github-starred-repositories",
    "version": "1.0.0",
    "description": "",
    "main": "index.js",
    "scripts": {
      "dev": "npm run webpack-dev-server",
    },
    "repository": {
      "type": "git",
      "url": "git+https://github.com/fsmaiorano/github-starred-repositories.git"
    },
    "author": "",
    "license": "ISC",
    "bugs": {
      "url": "https://github.com/fsmaiorano/github-starred-repositories/issues"
    },
    "homepage": "https://github.com/fsmaiorano/github-starred-repositories#readme",
    "devDependencies": {
      "webpack-dev-server": "^3.1.1"
    }
  }

yarn manifest: 
  No manifest

Lockfile: 
  No lockfile

Trace: 
  SyntaxError: E:\Developer\Projetos\github-starred-repositories\package.json: Unexpected token } in JSON at position 166
      at JSON.parse (<anonymous>)
      at C:\Users\fsmai\AppData\Roaming\npm\node_modules\yarn\lib\cli.js:770:59
      at Generator.next (<anonymous>)
      at step (C:\Users\fsmai\AppData\Roaming\npm\node_modules\yarn\lib\cli.js:92:30)
      at C:\Users\fsmai\AppData\Roaming\npm\node_modules\yarn\lib\cli.js:103:13
      at <anonymous>
